#
# There is insufficient memory for the Java Runtime Environment to continue.
# Native memory allocation (mmap) failed to map 130023424 bytes for Failed to commit area from 0x0000000084e00000 to 0x000000008ca00000 of length 130023424.
# Possible reasons:
#   The system is out of physical RAM or swap space
#   The process is running with CompressedOops enabled, and the Java Heap may be blocking the growth of the native heap
# Possible solutions:
#   Reduce memory load on the system
#   Increase physical memory or swap space
#   Check if swap backing store is full
#   Decrease Java heap size (-Xmx/-Xms)
#   Decrease number of Java threads
#   Decrease Java thread stack sizes (-Xss)
#   Set larger code cache with -XX:ReservedCodeCacheSize=
# This output file may be truncated or incomplete.
#
#  Out of Memory Error (./src/hotspot/os/windows/os_windows.cpp:3521), pid=16784, tid=12240
#
# JRE version:  (11.0.12+7) (build )
# Java VM: OpenJDK 64-Bit Server VM (11.0.12+7-b1504.28-7817840, mixed mode, sharing, tiered, compressed oops, g1 gc, windows-amd64)
# No core dump will be written. Minidumps are not enabled by default on client versions of Windows
#

---------------  S U M M A R Y ------------

Command Line: 

Host: Intel(R) Core(TM) i5-4300U CPU @ 1.90GHz, 4 cores, 7G,  Windows 10 , 64 bit Build 19041 (10.0.19041.1889)
Time: Sat Nov 19 16:21:02 2022 India Standard Time elapsed time: 2.349393 seconds (0d 0h 0m 2s)

---------------  T H R E A D  ---------------

Current thread (0x000002f31ba38000):  JavaThread "Unknown thread" [_thread_in_vm, id=12240, stack(0x000000fadd000000,0x000000fadd100000)]

Stack: [0x000000fadd000000,0x000000fadd100000]
Native frames: (J=compiled Java code, j=interpreted, Vv=VM code, C=native code)
V  [jvm.dll+0x5fbcea]
V  [jvm.dll+0x731905]
V  [jvm.dll+0x732f1d]
V  [jvm.dll+0x7335d3]
V  [jvm.dll+0x247bf8]
V  [jvm.dll+0x5f90b4]
V  [jvm.dll+0x5edc85]
V  [jvm.dll+0x305aeb]
V  [jvm.dll+0x305a5a]
V  [jvm.dll+0x305932]
V  [jvm.dll+0x30a896]
V  [jvm.dll+0x353803]
V  [jvm.dll+0x353f06]
V  [jvm.dll+0x353903]
V  [jvm.dll+0x2e0678]
V  [jvm.dll+0x2e1827]
V  [jvm.dll+0x710037]
V  [jvm.dll+0x71182c]
V  [jvm.dll+0x360da9]
V  [jvm.dll+0x6f390e]
V  [jvm.dll+0x3c9723]
V  [jvm.dll+0x3cb9b1]
C  [jli.dll+0x536b]
C  [ucrtbase.dll+0x21bb2]
C  [KERNEL32.DLL+0x17034]
C  [ntdll.dll+0x526a1]


---------------  P R O C E S S  ---------------

Threads class SMR info:
_java_thread_list=0x000002f31b8e1420, length=0, elements={
}

Java Threads: ( => current thread )

Other Threads:
  0x000002f31ba4f800 GCTaskThread "GC Thread#0" [stack: 0x000000fadd100000,0x000000fadd200000] [id=19364]
  0x000002f31ba7f000 ConcurrentGCThread "G1 Main Marker" [stack: 0x000000fadd200000,0x000000fadd300000] [id=19872]
  0x000002f31ba81800 ConcurrentGCThread "G1 Conc#0" [stack: 0x000000fadd300000,0x000000fadd400000] [id=4220]

[error occurred during error reporting (printing all threads), id 0xc0000005, EXCEPTION_ACCESS_VIOLATION (0xc0000005) at pc=0x00007ff8921c0be7]

VM state:not at safepoint (not fully initialized)

VM Mutex/Monitor currently owned by a thread:  ([mutex/lock_event])
[0x000002f31ba34ce0] Heap_lock - owner thread: 0x000002f31ba38000

Heap address: 0x0000000084e00000, size: 1970 MB, Compressed Oops mode: Non-zero based: 0x0000000084e00000
Narrow klass base: 0x0000000000000000, Narrow klass shift: 0

GC Heap History (0 events):
No events

Deoptimization events (0 events):
No events

Classes redefined (0 events):
No events

Internal exceptions (0 events):
No events

Events (1 events):
Event: 1.945 Loaded shared library C:\Program Files\Android\Android Studio\jre\bin\zip.dll


Dynamic libraries:
0x00007ff67d990000 - 0x00007ff67d99a000 	C:\Program Files\Android\Android Studio\jre\bin\java.EXE
0x00007ff8d4790000 - 0x00007ff8d4988000 	C:\WINDOWS\SYSTEM32\ntdll.dll
0x00007ff8d3430000 - 0x00007ff8d34ed000 	C:\WINDOWS\System32\KERNEL32.DLL
0x00007ff8d1fa0000 - 0x00007ff8d2272000 	C:\WINDOWS\System32\KERNELBASE.dll
0x00007ff8d1ea0000 - 0x00007ff8d1fa0000 	C:\WINDOWS\System32\ucrtbase.dll
0x00007ff8cbc70000 - 0x00007ff8cbc87000 	C:\Program Files\Android\Android Studio\jre\bin\VCRUNTIME140.dll
0x00007ff8ce070000 - 0x00007ff8ce089000 	C:\Program Files\Android\Android Studio\jre\bin\jli.dll
0x00007ff8d2d00000 - 0x00007ff8d2e9d000 	C:\WINDOWS\System32\USER32.dll
0x00007ff8d2280000 - 0x00007ff8d22a2000 	C:\WINDOWS\System32\win32u.dll
0x00007ff8d2eb0000 - 0x00007ff8d2edb000 	C:\WINDOWS\System32\GDI32.dll
0x00007ff8d26e0000 - 0x00007ff8d27ef000 	C:\WINDOWS\System32\gdi32full.dll
0x00007ff8d2640000 - 0x00007ff8d26dd000 	C:\WINDOWS\System32\msvcp_win.dll
0x00007ff8c03f0000 - 0x00007ff8c068a000 	C:\WINDOWS\WinSxS\amd64_microsoft.windows.common-controls_6595b64144ccf1df_6.0.19041.1110_none_60b5254171f9507e\COMCTL32.dll
0x00007ff8d3b80000 - 0x00007ff8d3c1e000 	C:\WINDOWS\System32\msvcrt.dll
0x00007ff8d4550000 - 0x00007ff8d4580000 	C:\WINDOWS\System32\IMM32.DLL
0x00007ff8b7ae0000 - 0x00007ff8b7b7d000 	C:\Program Files\Android\Android Studio\jre\bin\msvcp140.dll
0x00007ff891ed0000 - 0x00007ff8929b5000 	C:\Program Files\Android\Android Studio\jre\bin\server\jvm.dll
0x00007ff8d3170000 - 0x00007ff8d321e000 	C:\WINDOWS\System32\ADVAPI32.dll
0x00007ff8d3070000 - 0x00007ff8d310c000 	C:\WINDOWS\System32\sechost.dll
0x00007ff8d3300000 - 0x00007ff8d3425000 	C:\WINDOWS\System32\RPCRT4.dll
0x00007ff8d4630000 - 0x00007ff8d4638000 	C:\WINDOWS\System32\PSAPI.DLL
0x00007ff8c0930000 - 0x00007ff8c0939000 	C:\WINDOWS\SYSTEM32\WSOCK32.dll
0x00007ff8d4640000 - 0x00007ff8d46ab000 	C:\WINDOWS\System32\WS2_32.dll
0x00007ff8c1530000 - 0x00007ff8c1557000 	C:\WINDOWS\SYSTEM32\WINMM.dll
0x00007ff8c8ab0000 - 0x00007ff8c8aba000 	C:\WINDOWS\SYSTEM32\VERSION.dll
0x00007ff8d06f0000 - 0x00007ff8d0702000 	C:\WINDOWS\SYSTEM32\kernel.appcore.dll
0x00007ff8af790000 - 0x00007ff8af7a1000 	C:\Program Files\Android\Android Studio\jre\bin\verify.dll
0x00007ff8c4310000 - 0x00007ff8c44f4000 	C:\WINDOWS\SYSTEM32\DBGHELP.DLL
0x00007ff8c4920000 - 0x00007ff8c494c000 	C:\WINDOWS\SYSTEM32\dbgcore.DLL
0x00007ff8d2320000 - 0x00007ff8d23a2000 	C:\WINDOWS\System32\bcryptPrimitives.dll
0x00007ff8af270000 - 0x00007ff8af299000 	C:\Program Files\Android\Android Studio\jre\bin\java.dll
0x00007ff8c0870000 - 0x00007ff8c087b000 	C:\Program Files\Android\Android Studio\jre\bin\jimage.dll
0x00007ff8aede0000 - 0x00007ff8aedf8000 	C:\Program Files\Android\Android Studio\jre\bin\zip.dll

dbghelp: loaded successfully - version: 4.0.5 - missing functions: none
symbol engine: initialized successfully - sym options: 0x614 - pdb path: .;C:\Program Files\Android\Android Studio\jre\bin;C:\WINDOWS\SYSTEM32;C:\WINDOWS\WinSxS\amd64_microsoft.windows.common-controls_6595b64144ccf1df_6.0.19041.1110_none_60b5254171f9507e;C:\Program Files\Android\Android Studio\jre\bin\server

VM Arguments:
java_command: <unknown>
java_class_path (initial): <not set>
Launcher Type: SUN_STANDARD

[Global flags]
     intx CICompilerCount                          = 3                                         {product} {ergonomic}
     uint ConcGCThreads                            = 1                                         {product} {ergonomic}
     uint G1ConcRefinementThreads                  = 4                                         {product} {ergonomic}
   size_t G1HeapRegionSize                         = 1048576                                   {product} {ergonomic}
    uintx GCDrainStackTargetSize                   = 64                                        {product} {ergonomic}
   size_t InitialHeapSize                          = 130023424                                 {product} {ergonomic}
   size_t MarkStackSize                            = 4194304                                   {product} {ergonomic}
   size_t MaxHeapSize                              = 2065694720                                {product} {ergonomic}
   size_t MinHeapDeltaBytes                        = 1048576                                   {product} {ergonomic}
    uintx NonNMethodCodeHeapSize                   = 5830732                                {pd product} {ergonomic}
    uintx NonProfiledCodeHeapSize                  = 122913754                              {pd product} {ergonomic}
    uintx ProfiledCodeHeapSize                     = 122913754                              {pd product} {ergonomic}
    uintx ReservedCodeCacheSize                    = 251658240                              {pd product} {ergonomic}
     bool SegmentedCodeCache                       = true                                      {product} {ergonomic}
     bool UseCompressedClassPointers               = true                                 {lp64_product} {ergonomic}
     bool UseCompressedOops                        = true                                 {lp64_product} {ergonomic}
     bool UseG1GC                                  = true                                      {product} {ergonomic}
     bool UseLargePagesIndividualAllocation        = false                                  {pd product} {ergonomic}

Logging:
Log output configuration:
 #0: stdout all=warning uptime,level,tags
 #1: stderr all=off uptime,level,tags

Environment Variables:
JAVA_HOME=C:\Program Files\Java\jdk-18.0.1.1
PATH=C:\Program Files\Common Files\Oracle\Java\javapath;C:\WINDOWS\system32;C:\WINDOWS;C:\WINDOWS\System32\Wbem;C:\WINDOWS\System32\WindowsPowerShell\v1.0\;C:\WINDOWS\System32\OpenSSH\;C:\Program Files\Java\jdk-18.0.1.1\bin;C:\Program Files\MySQL\MySQL Shell 8.0\bin\;C:\Users\Vasudevay\AppData\Local\Microsoft\WindowsApps;C:\src\flutter\bin;C:\Users\Vasudevay\AppData\Local\Programs\Microsoft VS Code\bin;C:\Program Files\Java\jdk-18.0.1.1;;C:\src\flutter\bin\mingit\cmd
USERNAME=Vasudevay
OS=Windows_NT
PROCESSOR_IDENTIFIER=Intel64 Family 6 Model 69 Stepping 1, GenuineIntel



---------------  S Y S T E M  ---------------

OS: Windows 10 , 64 bit Build 19041 (10.0.19041.1889)
OS uptime: 14 days 5:58 hours

CPU:total 4 (initial active 4) (2 cores per cpu, 2 threads per core) family 6 model 69 stepping 1 microcode 0x25, cmov, cx8, fxsr, mmx, sse, sse2, sse3, ssse3, sse4.1, sse4.2, popcnt, avx, avx2, aes, clmul, erms, lzcnt, ht, tsc, tscinvbit, bmi1, bmi2, fma

Memory: 4k page, system-wide physical 7879M (362M free)
TotalPageFile size 25307M (AvailPageFile size 81M)
current process WorkingSet (physical memory assigned to process): 9M, peak: 9M
current process commit charge ("private bytes"): 51M, peak: 175M

vm_info: OpenJDK 64-Bit Server VM (11.0.12+7-b1504.28-7817840) for windows-amd64 JRE (11.0.12+7-b1504.28-7817840), built on Oct 13 2021 22:12:33 by "builder" with MS VC++ 14.0 (VS2015)

END.
